
 ==============================
 S N O P T  7.5-1.1  (Jun 2015)
 ==============================
 
 SNMEMB EXIT 100 -- finished successfully
 SNMEMB INFO 104 -- memory requirements estimated

 ==============================
 S N O P T  7.5-1.1  (Jun 2015)
 ==============================
 
 

 Nonlinear constraints       1     Linear constraints       0
 Nonlinear variables        16     Linear variables         0
 Jacobian  variables        16     Objective variables     16
 Total constraints           1     Total variables         16
 

 
 The user has defined      16   out of      16   constraint gradients.
 The user has defined      16   out of      16   objective  gradients.
 

 Major Minors     Step   nCon Feasible  Optimal  MeritFunction     nS Penalty
     0     20               1  2.6E-04  7.5E-02 -7.9265100E-01     15           r
     1      9  1.3E-01      3  7.4E-04  3.8E-02 -7.9521635E-01      9           r
     2      9  2.0E-02      5  8.0E-04  3.5E-02 -7.9641165E-01     15         s
     3      1  2.3E-01      7  6.9E-04  2.2E-02 -7.9686517E-01     15
     4      1  2.5E-01      9  5.1E-04  7.5E-03 -7.9707967E-01     15
     5      1  1.0E+00     10  5.1E-06  7.0E-03 -7.9710686E-01     15
     6      1  1.0E+00     11  4.3E-06  7.7E-03 -7.9712316E-01     15
     7      1  1.0E+00     12  3.4E-06  4.9E-03 -7.9713149E-01     15
     8      1  1.0E+00     13  1.9E-06  4.9E-03 -7.9713843E-01     15
     9      1  1.0E+00     14  2.6E-06  2.4E-03 -7.9714902E-01     15

 Major Minors     Step   nCon Feasible  Optimal  MeritFunction     nS Penalty
    10      1  1.0E+00     15 (2.1E-07) 2.0E-03 -7.9715832E-01     15
    11      1  1.0E+00     16 (6.6E-07) 5.1E-03 -7.9721529E-01     15
    12      1  7.0E-01     18  5.5E-05  2.2E-02 -7.9754478E-01     15
    13      1  1.0E+00     19  2.6E-05  2.2E-02 -7.9769803E-01     15
    14      1  4.4E-01     21  6.1E-05  1.6E-02 -7.9789525E-01     15
    15      1  1.0E+00     22 (3.6E-07) 1.2E-02 -7.9825057E-01     15
    16      1  1.0E+00     23  2.4E-05  9.7E-03 -7.9840178E-01     15
    17      1  1.0E+00     24  1.7E-05  1.4E-02 -7.9851217E-01     15
    18      2  1.0E+00     25  8.9E-05  1.6E-02 -7.9890993E-01     14
    19      1  1.0E+00     26  1.4E-03  2.5E-02 -7.9986909E-01     14

 Major Minors     Step   nCon Feasible  Optimal  MeritFunction     nS Penalty
    20      1  1.0E+00     27  1.1E-04  1.9E-02 -8.0068795E-01     14
    21      1  1.0E+00     28  2.0E-05  2.0E-02 -8.0112339E-01     14
    22      1  1.0E+00     29  2.1E-05  2.2E-02 -8.0144559E-01     14
    23      1  1.0E+00     30  5.5E-06  9.5E-03 -8.0155541E-01     14
    24      1  8.4E-02     32  4.4E-06  5.0E-03 -8.0156223E-01     14
    25      1  1.0E+00     33 (6.1E-07) 3.3E-03 -8.0157821E-01     14
    26      1  1.0E+00     34  2.7E-06  1.3E-03 -8.0158778E-01     14
    27      1  1.0E+00     35 (7.3E-07) 1.5E-03 -8.0159132E-01     14
    28      1  1.0E+00     36 (5.6E-07) 2.7E-03 -8.0159803E-01     14
    29      1  1.0E+00     37  1.7E-06  2.7E-03 -8.0161494E-01     14

 Major Minors     Step   nCon Feasible  Optimal  MeritFunction     nS Penalty
    30      1  1.0E+00     38  2.6E-06  4.7E-03 -8.0164885E-01     14
    31      1  1.0E+00     39  1.7E-05  1.0E-02 -8.0170334E-01     14
    32      2  1.0E+00     40  7.7E-05  1.5E-02 -8.0190621E-01     13
    33      1  1.0E+00     41  1.1E-03  2.3E-02 -8.0262569E-01     13
    34      1  1.0E+00     42  4.1E-06  2.2E-02 -8.0274923E-01     13
    35      1  5.3E-01     44  3.9E-05  5.5E-03 -8.0293164E-01     13
    36      1  1.0E+00     45  1.4E-06  7.2E-03 -8.0296472E-01     13
    37      1  1.0E+00     46 (8.6E-07) 9.4E-03 -8.0305149E-01     13
    38      1  1.4E-01     48 (8.9E-07) 5.7E-03 -8.0308977E-01     13
    39      1  4.3E-01     50  2.0E-06  2.6E-03 -8.0309885E-01     13

 Major Minors     Step   nCon Feasible  Optimal  MeritFunction     nS Penalty
    40      1  1.0E+00     51 (6.8E-07) 2.6E-03 -8.0310264E-01     13
    41      1  1.0E+00     52 (1.4E-07) 5.3E-04 -8.0310403E-01     13
    42      1  1.0E+00     53 (1.6E-09) 6.8E-04 -8.0310462E-01     13
    43      1  1.0E+00     54 (1.3E-07) 1.3E-03 -8.0310961E-01     13
    44      1  1.0E+00     55 (7.9E-07) 1.9E-03 -8.0311650E-01     13
    45      2  1.0E+00     56  9.1E-06  3.5E-03 -8.0313494E-01     12
    46      1  1.0E+00     57  3.8E-06  3.4E-03 -8.0315384E-01     12
    47      1  1.0E+00     58 (3.3E-07) 5.8E-04 -8.0317091E-01     12
    48      1  1.0E+00     59 (3.8E-08) 3.5E-04 -8.0317126E-01     12
    49      1  1.0E+00     60 (2.9E-08) 3.1E-04 -8.0317150E-01     12

 Major Minors     Step   nCon Feasible  Optimal  MeritFunction     nS Penalty
    50      1  1.0E+00     61 (4.4E-08) 8.2E-04 -8.0317192E-01     12
    51      1  1.0E+00     62 (1.1E-07) 1.7E-03 -8.0317294E-01     12
    52      1  1.0E+00     63 (2.1E-07) 3.3E-03 -8.0317557E-01     12
    53      1  1.0E+00     64 (5.9E-07) 5.8E-03 -8.0318264E-01     12
    54      2  1.0E+00     65  1.8E-06  8.8E-03 -8.0319848E-01     11
    55      1  1.0E+00     66  7.1E-06  1.2E-02 -8.0322849E-01     11
    56      1  1.0E+00     67  1.3E-06  8.3E-03 -8.0324372E-01     11
    57      1  1.0E+00     68 (3.3E-07) 1.3E-03 -8.0326083E-01     11
    58      1  1.0E+00     69 (1.3E-07) 2.4E-04 -8.0326169E-01     11
    59      1  1.0E+00     70 (2.7E-08) 1.7E-04 -8.0326229E-01     11

 Major Minors     Step   nCon Feasible  Optimal  MeritFunction     nS Penalty
    60      1  1.0E+00     71 (3.7E-07) 1.6E-03 -8.0326544E-01     11
    61      1  1.0E+00     72 (8.2E-07) 2.9E-03 -8.0327066E-01     11
    62      1  1.0E+00     73  3.9E-06  4.1E-03 -8.0328115E-01     11
    63      1  1.0E+00     74  5.9E-06  3.8E-03 -8.0329244E-01     11
    64      1  1.0E+00     75  2.3E-06  2.6E-03 -8.0330027E-01     11
    65      1  1.0E+00     76 (9.2E-10) 6.1E-04 -8.0330312E-01     11
    66      1  1.0E+00     77 (1.3E-07) 4.8E-04 -8.0330348E-01     11
    67      1  1.0E+00     78 (4.1E-08) 1.7E-04 -8.0330360E-01     11
    68      1  1.0E+00     79 (3.7E-08) 3.1E-04 -8.0330376E-01     11
    69      1  1.0E+00     80 (9.7E-08) 5.0E-04 -8.0330412E-01     11

 Major Minors     Step   nCon Feasible  Optimal  MeritFunction     nS Penalty
    70      1  1.0E+00     81  2.2E-06  1.4E-03 -8.0330547E-01     11
    71      1  1.0E+00     82 (7.5E-09) 1.8E-03 -8.0330625E-01     11
    72      2  1.0E+00     83  2.6E-06  6.4E-03 -8.0332791E-01     10
    73      1  1.0E+00     84 (1.1E-07) 8.8E-03 -8.0334752E-01     10
    74      2  1.0E+00     85  8.8E-06  4.6E-03 -8.0338025E-01     11
    75      2  4.9E-01     87  9.4E-06  3.0E-03 -8.0339126E-01     10
    76      1  1.0E+00     88 (1.8E-07) 4.6E-04 -8.0339277E-01     10
    77      1  1.0E+00     89 (7.8E-08) 1.1E-04 -8.0339295E-01     10
    78      1  1.0E+00     90 (2.6E-09) 6.8E-05 -8.0339296E-01     10
    79      1  1.0E+00     91 (2.5E-11) 3.2E-05 -8.0339296E-01     10

 Major Minors     Step   nCon Feasible  Optimal  MeritFunction     nS Penalty
    80      1  1.0E+00     92 (1.8E-11) 3.2E-05 -8.0339296E-01     10
    81      1  1.0E+00     93 (5.4E-10) 7.2E-05 -8.0339297E-01     10
    82      1  1.0E+00     94 (1.3E-09) 1.5E-04 -8.0339298E-01     10
    83      1  1.0E+00     95 (5.8E-09) 2.7E-04 -8.0339303E-01     10
    84      1  1.0E+00     96 (1.7E-08) 4.2E-04 -8.0339312E-01     10
    85      1  1.0E+00     97 (3.6E-08) 5.5E-04 -8.0339329E-01     10
    86      1  1.0E+00     98 (2.5E-08) 5.2E-04 -8.0339352E-01     10
    87      1  1.0E+00     99 (6.4E-09) 2.6E-04 -8.0339368E-01     10
    88      1  1.0E+00    100 (4.2E-09) 4.9E-05 -8.0339372E-01     10
    89      1  1.0E+00    101 (1.8E-09) 2.4E-06 -8.0339373E-01     10

 Major Minors     Step   nCon Feasible  Optimal  MeritFunction     nS Penalty
    90      1  1.0E+00    102 (3.6E-11)(1.9E-06)-8.0339373E-01     10
 
 SNOPTC EXIT   0 -- finished successfully
 SNOPTC INFO   1 -- optimality conditions satisfied

 Problem name                 Optimiza
 No. of iterations                 133   Objective           -8.0339372686E-01
 No. of major iterations            90   Linear    obj. term  0.0000000000E+00
 Penalty parameter           0.000E+00   Nonlinear obj. term -8.0339372686E-01
 User function calls (total)       103
 No. of superbasics                 10   No. of basic nonlinears             1
 No. of degenerate steps             0   Percentage                       0.00
 Max x                       2 4.1E+00   Max pi                      1 3.1E-03
 Max Primal infeas           0 0.0E+00   Max Dual infeas             3 1.9E-06
 Nonlinear constraint violn    1.5E-10
 
 

 Solution printed on file  18
 
 Time for MPS input                             0.00 seconds
 Time for solving problem                      10.20 seconds
 Time for solution output                       0.00 seconds
 Time for constraint functions                 10.19 seconds
 Time for objective function                    0.00 seconds
